
Thu 17 Aug 2023 03:20:18 AM UTC: 
 exercises.c | 10 +++++++++-
 1 file changed, 9 insertions(+), 1 deletion(-)
 tests:  0|7
total_score: 0/70
40fc5db
Thu 17 Aug 2023 03:40:19 AM UTC: 
 exercises.c | 11 +++++++----
 1 file changed, 7 insertions(+), 4 deletions(-)
 tests:  0|6
total_score: 10/70
835e15a
Thu 17 Aug 2023 03:54:15 AM UTC: 
 exercises.c | 14 +++++++++++++-
 1 file changed, 13 insertions(+), 1 deletion(-)
 tests:  0|5
total_score: 20/70
0131ca1
Thu 17 Aug 2023 03:57:40 AM UTC: 
 exercises.c | 3 ---
 1 file changed, 3 deletions(-)
 tests:  0|5
total_score: 20/70
6e5d34c
Thu 17 Aug 2023 04:10:45 AM UTC: 
 exercises.c | 10 +++++++++-
 1 file changed, 9 insertions(+), 1 deletion(-)
test.c: In function ‘filterEvenNumbers’:
test.c:382:5: error: ‘main’ is normally a non-static function [-Werror=main]
  382 | int main(int argc, char *argv[]) {
      |     ^~~~
test.c:410:1: error: expected declaration or statement at end of input
  410 | }
      | ^
test.c:7:6: error: unused variable ‘msg’ [-Werror=unused-variable]
    7 | char msg[300];
      |      ^~~
test.c:411: error: control reaches end of non-void function [-Werror=return-type]
At top level:
test.c:382:5: error: ‘main’ defined but not used [-Werror=unused-function]
  382 | int main(int argc, char *argv[]) {
      |     ^~~~
test.c:47:6: error: ‘readIntArray’ defined but not used [-Werror=unused-function]
   47 | void readIntArray(int arr[], int *size) {
      |      ^~~~~~~~~~~~
cc1: all warnings being treated as errors
Compilation failed
2356fd7
Thu 17 Aug 2023 04:12:04 AM UTC: 
 exercises.c | 4 ++++
 1 file changed, 4 insertions(+)
test.c: In function ‘filterEvenNumbers’:
test.c:382:5: error: ‘main’ is normally a non-static function [-Werror=main]
  382 | int main(int argc, char *argv[]) {
      |     ^~~~
test.c:410:1: error: expected declaration or statement at end of input
  410 | }
      | ^
test.c:7:6: error: unused variable ‘msg’ [-Werror=unused-variable]
    7 | char msg[300];
      |      ^~~
test.c:410:1: error: expected declaration or statement at end of input
  410 | }
      | ^
test.c:411: error: control reaches end of non-void function [-Werror=return-type]
At top level:
test.c:382:5: error: ‘main’ defined but not used [-Werror=unused-function]
  382 | int main(int argc, char *argv[]) {
      |     ^~~~
test.c:47:6: error: ‘readIntArray’ defined but not used [-Werror=unused-function]
   47 | void readIntArray(int arr[], int *size) {
      |      ^~~~~~~~~~~~
cc1: all warnings being treated as errors
Compilation failed
9fb6738
Thu 17 Aug 2023 04:13:07 AM UTC: 
 exercises.c | 3 +++
 1 file changed, 3 insertions(+)
 tests:  0|5
total_score: 20/70
7d96c98
Thu 17 Aug 2023 04:14:40 AM UTC: 
 exercises.c | 1 +
 1 file changed, 1 insertion(+)
 tests:  0|5
total_score: 20/70
15c3399
Thu 17 Aug 2023 04:19:24 AM UTC: 
 exercises.c | 3 +--
 1 file changed, 1 insertion(+), 2 deletions(-)
 tests:  0|5
total_score: 20/70
24fab3a
Thu 17 Aug 2023 04:31:16 AM UTC: 
 exercises.c | 15 +++++++++++----
 1 file changed, 11 insertions(+), 4 deletions(-)
 tests:  0|3
total_score: 40/70
d99fc50
Thu 17 Aug 2023 08:03:52 PM UTC: 
 tests:  0|3
total_score: 40/70
1f27861
Thu 17 Aug 2023 08:09:12 PM UTC: 
 exercises.c | 1 +
 1 file changed, 1 insertion(+)
In file included from test.c:1:
exercises.c: In function ‘mergeSortedArrays’:
exercises.c:69:7: error: unused variable ‘size3’ [-Werror=unused-variable]
   69 |   int size3 = size1 + size2;
      |       ^~~~~
cc1: all warnings being treated as errors
Compilation failed
2d815ec
Thu 17 Aug 2023 08:18:30 PM UTC: 
 exercises.c | 8 ++++++++
 1 file changed, 8 insertions(+)
 tests:  0|3
total_score: 40/70
9bf8240
Thu 17 Aug 2023 08:28:33 PM UTC: 
 exercises.c | 17 +++++++++++++++--
 1 file changed, 15 insertions(+), 2 deletions(-)
In file included from test.c:1:
exercises.c: In function ‘mergeSortedArrays’:
exercises.c:79:3: error: expected ‘,’ or ‘;’ before ‘for’
   79 |   for (int i=0;i<size3;i++){
      |   ^~~
exercises.c:79:16: error: ‘i’ undeclared (first use in this function)
   79 |   for (int i=0;i<size3;i++){
      |                ^
exercises.c:79:16: note: each undeclared identifier is reported only once for each function it appears in
exercises.c:79:27: error: expected ‘;’ before ‘)’ token
   79 |   for (int i=0;i<size3;i++){
      |                           ^
      |                           ;
exercises.c:79:27: error: expected statement before ‘)’ token
exercises.c:81:10: error: expected ‘(’ before ‘resultado’
   81 |       if resultado[i]>resultado[j]{
      |          ^~~~~~~~~
      |          (
exercises.c:81:10: error: ‘resultado’ undeclared (first use in this function); did you mean ‘result’?
   81 |       if resultado[i]>resultado[j]{
      |          ^~~~~~~~~
      |          result
exercises.c:78:7: error: unused variable ‘aux’ [-Werror=unused-variable]
   78 |   int aux=0
      |       ^~~
cc1: all warnings being treated as errors
Compilation failed
d17f283
Thu 17 Aug 2023 08:28:58 PM UTC: 
 exercises.c | 8 ++++----
 1 file changed, 4 insertions(+), 4 deletions(-)
In file included from test.c:1:
exercises.c: In function ‘mergeSortedArrays’:
exercises.c:79:3: error: expected ‘,’ or ‘;’ before ‘for’
   79 |   for (int i=0;i<size3;i++){
      |   ^~~
exercises.c:79:16: error: ‘i’ undeclared (first use in this function)
   79 |   for (int i=0;i<size3;i++){
      |                ^
exercises.c:79:16: note: each undeclared identifier is reported only once for each function it appears in
exercises.c:79:27: error: expected ‘;’ before ‘)’ token
   79 |   for (int i=0;i<size3;i++){
      |                           ^
      |                           ;
exercises.c:79:27: error: expected statement before ‘)’ token
exercises.c:81:10: error: expected ‘(’ before ‘result’
   81 |       if result[i]>resultado[j]{
      |          ^~~~~~
      |          (
exercises.c:78:7: error: unused variable ‘aux’ [-Werror=unused-variable]
   78 |   int aux=0
      |       ^~~
cc1: all warnings being treated as errors
Compilation failed
111199f
Thu 17 Aug 2023 08:29:25 PM UTC: 
 exercises.c | 2 +-
 1 file changed, 1 insertion(+), 1 deletion(-)
In file included from test.c:1:
exercises.c: In function ‘mergeSortedArrays’:
exercises.c:79:3: error: expected ‘,’ or ‘;’ before ‘for’
   79 |   for (int i=0;i<size3;i++){
      |   ^~~
exercises.c:79:16: error: ‘i’ undeclared (first use in this function)
   79 |   for (int i=0;i<size3;i++){
      |                ^
exercises.c:79:16: note: each undeclared identifier is reported only once for each function it appears in
exercises.c:79:27: error: expected ‘;’ before ‘)’ token
   79 |   for (int i=0;i<size3;i++){
      |                           ^
      |                           ;
exercises.c:79:27: error: expected statement before ‘)’ token
exercises.c:81:10: error: expected ‘(’ before ‘result’
   81 |       if result[i]>result[j]{
      |          ^~~~~~
      |          (
exercises.c:78:7: error: unused variable ‘aux’ [-Werror=unused-variable]
   78 |   int aux=0
      |       ^~~
cc1: all warnings being treated as errors
Compilation failed
d854bf4
Thu 17 Aug 2023 08:29:50 PM UTC: 
 exercises.c | 2 +-
 1 file changed, 1 insertion(+), 1 deletion(-)
In file included from test.c:1:
exercises.c: In function ‘mergeSortedArrays’:
exercises.c:81:10: error: expected ‘(’ before ‘result’
   81 |       if result[i]>result[j]{
      |          ^~~~~~
      |          (
exercises.c:81:16: error: statement with no effect [-Werror=unused-value]
   81 |       if result[i]>result[j]{
      |          ~~~~~~^~~
exercises.c:78:7: error: unused variable ‘aux’ [-Werror=unused-variable]
   78 |   int aux=0;
      |       ^~~
cc1: all warnings being treated as errors
Compilation failed
d5fcb09
Thu 17 Aug 2023 08:30:06 PM UTC: 
 exercises.c | 2 +-
 1 file changed, 1 insertion(+), 1 deletion(-)
In file included from test.c:1:
exercises.c: In function ‘mergeSortedArrays’:
exercises.c:83:19: error: ‘resultado’ undeclared (first use in this function); did you mean ‘result’?
   83 |         result[i]=resultado[j];
      |                   ^~~~~~~~~
      |                   result
exercises.c:83:19: note: each undeclared identifier is reported only once for each function it appears in
Compilation failed
4c2607e
Thu 17 Aug 2023 08:30:12 PM UTC: 
 exercises.c | 2 +-
 1 file changed, 1 insertion(+), 1 deletion(-)
 tests:  0|3
total_score: 40/70
957cbb0
Thu 17 Aug 2023 08:31:27 PM UTC: 
 exercises.c | 4 +++-
 1 file changed, 3 insertions(+), 1 deletion(-)
In file included from test.c:1:
exercises.c: In function ‘mergeSortedArrays’:
exercises.c:76:14: error: expected ‘;’ before ‘}’ token
   76 |         x=x+1
      |              ^
      |              ;
   77 |       }
      |       ~       
Compilation failed
bb3dae3
Thu 17 Aug 2023 08:31:31 PM UTC: 
 exercises.c | 2 +-
 1 file changed, 1 insertion(+), 1 deletion(-)
 tests:  0|3
total_score: 40/70
68f7a4c
Thu 17 Aug 2023 08:34:43 PM UTC: 
 exercises.c | 2 +-
 1 file changed, 1 insertion(+), 1 deletion(-)
 tests:  0|2
total_score: 50/70
6cafe0c
Thu 17 Aug 2023 08:38:59 PM UTC: 
 exercises.c | 4 +++-
 1 file changed, 3 insertions(+), 1 deletion(-)
 tests:  0|2
total_score: 50/70
df47e4e
Thu 17 Aug 2023 08:42:53 PM UTC: 
 exercises.c | 2 +-
 1 file changed, 1 insertion(+), 1 deletion(-)
 tests:  0|2
total_score: 50/70
526086c
Thu 17 Aug 2023 09:01:50 PM UTC: 
 exercises.c | 23 +++++++++++++++++++++--
 1 file changed, 21 insertions(+), 2 deletions(-)
In file included from test.c:1:
exercises.c: In function ‘checkSorted’:
exercises.c:98:3: error: unknown type name ‘bool’
   98 |   bool ascendente = true;
      |   ^~~~
exercises.c:6:1: note: ‘bool’ is defined in header ‘<stdbool.h>’; did you forget to ‘#include <stdbool.h>’?
    5 | #include <string.h>
  +++ |+#include <stdbool.h>
    6 | 
exercises.c:98:21: error: ‘true’ undeclared (first use in this function)
   98 |   bool ascendente = true;
      |                     ^~~~
exercises.c:98:21: note: ‘true’ is defined in header ‘<stdbool.h>’; did you forget to ‘#include <stdbool.h>’?
exercises.c:98:21: note: each undeclared identifier is reported only once for each function it appears in
exercises.c:99:3: error: unknown type name ‘bool’
   99 |   bool descente = true;
      |   ^~~~
exercises.c:99:3: note: ‘bool’ is defined in header ‘<stdbool.h>’; did you forget to ‘#include <stdbool.h>’?
exercises.c:100:3: error: unknown type name ‘bool’
  100 |   bool neutro= true;
      |   ^~~~
exercises.c:100:3: note: ‘bool’ is defined in header ‘<stdbool.h>’; did you forget to ‘#include <stdbool.h>’?
exercises.c:104:16: error: ‘false’ undeclared (first use in this function)
  104 |       descente=false;
      |                ^~~~~
exercises.c:104:16: note: ‘false’ is defined in header ‘<stdbool.h>’; did you forget to ‘#include <stdbool.h>’?
exercises.c:119:1: error: control reaches end of non-void function [-Werror=return-type]
  119 | }
      | ^
cc1: all warnings being treated as errors
Compilation failed
4ed2d4b
Thu 17 Aug 2023 09:03:48 PM UTC: 
 exercises.c | 1 +
 1 file changed, 1 insertion(+)
In file included from test.c:1:
exercises.c: In function ‘checkSorted’:
exercises.c:120:1: error: control reaches end of non-void function [-Werror=return-type]
  120 | }
      | ^
cc1: all warnings being treated as errors
Compilation failed
064159e
